0 info it worked if it ends with ok
1 verbose cli [ '/home/dev/.nvm/versions/node/v6.5.0/bin/node',
1 verbose cli   '/home/dev/.nvm/versions/node/v6.5.0/bin/npm',
1 verbose cli   'run',
1 verbose cli   'build' ]
2 info using npm@3.10.3
3 info using node@v6.5.0
4 verbose run-script [ 'prebuild', 'build', 'postbuild' ]
5 info lifecycle drizzle-box@1.0.0~prebuild: drizzle-box@1.0.0
6 silly lifecycle drizzle-box@1.0.0~prebuild: no script for prebuild, continuing
7 info lifecycle drizzle-box@1.0.0~build: drizzle-box@1.0.0
8 verbose lifecycle drizzle-box@1.0.0~build: unsafe-perm in lifecycle true
9 verbose lifecycle drizzle-box@1.0.0~build: PATH: /home/dev/.nvm/versions/node/v6.5.0/lib/node_modules/npm/bin/node-gyp-bin:/media/dev/DATA/Project/Blockchain/Dapp/node_modules/.bin:/home/dev/.nvm/versions/node/v6.5.0/bin:/home/dev/.nvm/versions/node/v6.5.0/bin:/usr/local/sbin:/usr/local/bin:/usr/sbin:/usr/bin:/sbin:/bin:/usr/games:/usr/local/games:/snap/bin:/home/dev/.rvm/bin:/home/dev/.rvm/bin
10 verbose lifecycle drizzle-box@1.0.0~build: CWD: /media/dev/DATA/Project/Blockchain/Dapp
11 silly lifecycle drizzle-box@1.0.0~build: Args: [ '-c', 'node scripts/build.js' ]
12 silly lifecycle drizzle-box@1.0.0~build: Returned: code: 1  signal: null
13 info lifecycle drizzle-box@1.0.0~build: Failed to exec build script
14 verbose stack Error: drizzle-box@1.0.0 build: `node scripts/build.js`
14 verbose stack Exit status 1
14 verbose stack     at EventEmitter.<anonymous> (/home/dev/.nvm/versions/node/v6.5.0/lib/node_modules/npm/lib/utils/lifecycle.js:242:16)
14 verbose stack     at emitTwo (events.js:106:13)
14 verbose stack     at EventEmitter.emit (events.js:191:7)
14 verbose stack     at ChildProcess.<anonymous> (/home/dev/.nvm/versions/node/v6.5.0/lib/node_modules/npm/lib/utils/spawn.js:40:14)
14 verbose stack     at emitTwo (events.js:106:13)
14 verbose stack     at ChildProcess.emit (events.js:191:7)
14 verbose stack     at maybeClose (internal/child_process.js:877:16)
14 verbose stack     at Process.ChildProcess._handle.onexit (internal/child_process.js:226:5)
15 verbose pkgid drizzle-box@1.0.0
16 verbose cwd /media/dev/DATA/Project/Blockchain/Dapp
17 error Linux 4.4.0-116-generic
18 error argv "/home/dev/.nvm/versions/node/v6.5.0/bin/node" "/home/dev/.nvm/versions/node/v6.5.0/bin/npm" "run" "build"
19 error node v6.5.0
20 error npm  v3.10.3
21 error code ELIFECYCLE
22 error drizzle-box@1.0.0 build: `node scripts/build.js`
22 error Exit status 1
23 error Failed at the drizzle-box@1.0.0 build script 'node scripts/build.js'.
23 error Make sure you have the latest version of node.js and npm installed.
23 error If you do, this is most likely a problem with the drizzle-box package,
23 error not with npm itself.
23 error Tell the author that this fails on your system:
23 error     node scripts/build.js
23 error You can get information on how to open an issue for this project with:
23 error     npm bugs drizzle-box
23 error Or if that isn't available, you can get their info via:
23 error     npm owner ls drizzle-box
23 error There is likely additional logging output above.
24 verbose exit [ 1, true ]
